12-BroadcastReceiver/app/build/intermediates/manifest_merge_blame_file/debug/manifest-merger-blame-debug-report.txt
1<?xml version="1.0" encoding="utf-8"?>
2<manifest xmlns:android="http://schemas.android.com/apk/res/android"
3    package="com.example.broadcastreceiver"
4    android:versionCode="1"
5    android:versionName="1.0" >
6
7    <uses-sdk
8        android:minSdkVersion="30"
8-->src\main\AndroidManifest.xml
9        android:targetSdkVersion="30" />
9-->src\main\AndroidManifest.xml
10
11    <application
11-->src\main\AndroidManifest.xml:5:5-36:19
12        android:allowBackup="true"
12-->src\main\AndroidManifest.xml:6:9-35
13        android:appComponentFactory="androidx.core.app.CoreComponentFactory"
13-->[androidx.core:core:1.3.2] AndroidManifest.xml:24:18-86
14        android:debuggable="true"
15        android:extractNativeLibs="false"
16        android:icon="@mipmap/ic_launcher"
16-->src\main\AndroidManifest.xml:7:9-43
17        android:label="@string/app_name"
17-->src\main\AndroidManifest.xml:8:9-41
18        android:roundIcon="@mipmap/ic_launcher_round"
18-->src\main\AndroidManifest.xml:9:9-54
19        android:supportsRtl="true"
19-->src\main\AndroidManifest.xml:10:9-35
20        android:testOnly="true"
21        android:theme="@style/Theme.BroadcastReceiver" >
21-->src\main\AndroidManifest.xml:11:9-55
22        <service
22-->src\main\AndroidManifest.xml:12:9-15:47
23            android:name="com.example.broadcastreceiver.MyService"
23-->src\main\AndroidManifest.xml:13:13-38
24            android:enabled="true"
24-->src\main\AndroidManifest.xml:14:13-35
25            android:exported="true" />
25-->src\main\AndroidManifest.xml:15:13-36
26
27        <receiver
27-->src\main\AndroidManifest.xml:17:9-24:20
28            android:name="com.example.broadcastreceiver.PhoneReceiver"
28-->src\main\AndroidManifest.xml:18:13-42
29            android:enabled="true"
29-->src\main\AndroidManifest.xml:19:13-35
30            android:exported="true" >
30-->src\main\AndroidManifest.xml:20:13-36
31            <intent-filter>
31-->src\main\AndroidManifest.xml:21:13-23:29
32                <action android:name="@string/add_phone" />
32-->src\main\AndroidManifest.xml:22:17-60
32-->src\main\AndroidManifest.xml:22:25-57
33            </intent-filter>
34        </receiver>
35
36        <activity
36-->src\main\AndroidManifest.xml:26:9-28:58
37            android:name="com.example.broadcastreceiver.Stock"
37-->src\main\AndroidManifest.xml:27:13-34
38            android:parentActivityName="com.example.broadcastreceiver.MainActivity" />
38-->src\main\AndroidManifest.xml:28:13-55
39        <activity android:name="com.example.broadcastreceiver.MainActivity" >
39-->src\main\AndroidManifest.xml:29:9-35:20
39-->src\main\AndroidManifest.xml:29:19-47
40            <intent-filter>
40-->src\main\AndroidManifest.xml:30:13-34:29
41                <action android:name="android.intent.action.MAIN" />
41-->src\main\AndroidManifest.xml:31:17-69
41-->src\main\AndroidManifest.xml:31:25-66
42
43                <category android:name="android.intent.category.LAUNCHER" />
43-->src\main\AndroidManifest.xml:33:17-77
43-->src\main\AndroidManifest.xml:33:27-74
44            </intent-filter>
45        </activity>
46
47        <service
47-->[androidx.room:room-runtime:2.2.5] AndroidManifest.xml:25:9-28:40
48            android:name="androidx.room.MultiInstanceInvalidationService"
48-->[androidx.room:room-runtime:2.2.5] AndroidManifest.xml:26:13-74
49            android:directBootAware="true"
49-->[androidx.room:room-runtime:2.2.5] AndroidManifest.xml:27:13-43
50            android:exported="false" />
50-->[androidx.room:room-runtime:2.2.5] AndroidManifest.xml:28:13-37
51    </application>
52
53</manifest>